0 info it worked if it ends with ok
1 verbose cli [ 'C:\\Program Files\\nodejs\\node.exe',
1 verbose cli   'C:\\Program Files\\nodejs\\node_modules\\npm\\bin\\npm-cli.js',
1 verbose cli   'run',
1 verbose cli   'lint' ]
2 info using npm@3.10.10
3 info using node@v6.11.0
4 verbose run-script [ 'prelint', 'lint', 'postlint' ]
5 info lifecycle @alloyteam/eslint-config-standard@0.0.9~prelint: @alloyteam/eslint-config-standard@0.0.9
6 silly lifecycle @alloyteam/eslint-config-standard@0.0.9~prelint: no script for prelint, continuing
7 info lifecycle @alloyteam/eslint-config-standard@0.0.9~lint: @alloyteam/eslint-config-standard@0.0.9
8 verbose lifecycle @alloyteam/eslint-config-standard@0.0.9~lint: unsafe-perm in lifecycle true
9 verbose lifecycle @alloyteam/eslint-config-standard@0.0.9~lint: PATH: C:\Program Files\nodejs\node_modules\npm\bin\node-gyp-bin;E:\github\xcatliu\code-lint\packages\standard\node_modules\.bin;C:\Users\xcatliu\bin;C:\Program Files\Git\mingw64\bin;C:\Program Files\Git\usr\local\bin;C:\Program Files\Git\usr\bin;C:\Program Files\Git\usr\bin;C:\Program Files\Git\mingw64\bin;C:\Program Files\Git\usr\bin;C:\Users\xcatliu\bin;C:\Windows\system32;C:\Windows;C:\Windows\System32\Wbem;C:\Windows\System32\WindowsPowerShell\v1.0;C:\Program Files\TortoiseSVN\bin;C:\Program Files\nodejs;C:\Program Files\Git\cmd;C:\Users\xcatliu\AppData\Roaming\npm;C:\Program Files (x86)\Microsoft VS Code\bin;C:\Program Files\Git\usr\bin\vendor_perl;C:\Program Files\Git\usr\bin\core_perl
10 verbose lifecycle @alloyteam/eslint-config-standard@0.0.9~lint: CWD: E:\github\xcatliu\code-lint\packages\standard
11 silly lifecycle @alloyteam/eslint-config-standard@0.0.9~lint: Args: [ '/d /s /c', 'eslint . --ignore-path bad.js' ]
12 silly lifecycle @alloyteam/eslint-config-standard@0.0.9~lint: Returned: code: 1  signal: null
13 info lifecycle @alloyteam/eslint-config-standard@0.0.9~lint: Failed to exec lint script
14 verbose stack Error: @alloyteam/eslint-config-standard@0.0.9 lint: `eslint . --ignore-path bad.js`
14 verbose stack Exit status 1
14 verbose stack     at EventEmitter.<anonymous> (C:\Program Files\nodejs\node_modules\npm\lib\utils\lifecycle.js:255:16)
14 verbose stack     at emitTwo (events.js:106:13)
14 verbose stack     at EventEmitter.emit (events.js:191:7)
14 verbose stack     at ChildProcess.<anonymous> (C:\Program Files\nodejs\node_modules\npm\lib\utils\spawn.js:40:14)
14 verbose stack     at emitTwo (events.js:106:13)
14 verbose stack     at ChildProcess.emit (events.js:191:7)
14 verbose stack     at maybeClose (internal/child_process.js:891:16)
14 verbose stack     at Process.ChildProcess._handle.onexit (internal/child_process.js:226:5)
15 verbose pkgid @alloyteam/eslint-config-standard@0.0.9
16 verbose cwd E:\github\xcatliu\code-lint\packages\standard
17 error Windows_NT 6.1.7601
18 error argv "C:\\Program Files\\nodejs\\node.exe" "C:\\Program Files\\nodejs\\node_modules\\npm\\bin\\npm-cli.js" "run" "lint"
19 error node v6.11.0
20 error npm  v3.10.10
21 error code ELIFECYCLE
22 error @alloyteam/eslint-config-standard@0.0.9 lint: `eslint . --ignore-path bad.js`
22 error Exit status 1
23 error Failed at the @alloyteam/eslint-config-standard@0.0.9 lint script 'eslint . --ignore-path bad.js'.
23 error Make sure you have the latest version of node.js and npm installed.
23 error If you do, this is most likely a problem with the @alloyteam/eslint-config-standard package,
23 error not with npm itself.
23 error Tell the author that this fails on your system:
23 error     eslint . --ignore-path bad.js
23 error You can get information on how to open an issue for this project with:
23 error     npm bugs @alloyteam/eslint-config-standard
23 error Or if that isn't available, you can get their info via:
23 error     npm owner ls @alloyteam/eslint-config-standard
23 error There is likely additional logging output above.
24 verbose exit [ 1, true ]
